[debug] [2020-04-12T13:32:08.344Z] ----------------------------------------------------------------------
[debug] [2020-04-12T13:32:08.347Z] Command:       /usr/local/bin/node /usr/local/bin/firebase init
[debug] [2020-04-12T13:32:08.347Z] CLI Version:   8.0.2
[debug] [2020-04-12T13:32:08.348Z] Platform:      linux
[debug] [2020-04-12T13:32:08.348Z] Node Version:  v12.14.1
[debug] [2020-04-12T13:32:08.348Z] Time:          Sun Apr 12 2020 19:02:08 GMT+0530 (India Standard Time)
[debug] [2020-04-12T13:32:08.348Z] ----------------------------------------------------------------------
[debug] [2020-04-12T13:32:08.349Z] 
[debug] [2020-04-12T13:32:08.355Z] > command requires scopes: ["email","openid","https://www.googleapis.com/auth/cloudplatformprojects.readonly","https://www.googleapis.com/auth/firebase","https://www.googleapis.com/auth/cloud-platform"]
[debug] [2020-04-12T13:32:08.355Z] > authorizing via signed-in user
[info] 
     ######## #### ########  ######## ########     ###     ######  ########
     ##        ##  ##     ## ##       ##     ##  ##   ##  ##       ##
     ######    ##  ########  ######   ########  #########  ######  ######
     ##        ##  ##    ##  ##       ##     ## ##     ##       ## ##
     ##       #### ##     ## ######## ########  ##     ##  ######  ########

You're about to initialize a Firebase project in this directory:

  /home/divyank/AndroidStudioProjects/Android/PollBuzz

Before we get started, keep in mind:

  * You are currently outside your home directory

[debug] [2020-04-12T17:16:13.079Z] TypeError: Cannot read property 'setRawMode' of null
    at ReadStream.setRawMode (tty.js:71:28)
    at Interface._setRawMode (readline.js:276:16)
    at Interface.close (readline.js:399:10)
    at ReadStream.ontermend (readline.js:187:10)
    at ReadStream.emit (events.js:228:7)
    at ReadStream.EventEmitter.emit (domain.js:475:20)
    at endReadableNT (_stream_readable.js:1185:12)
    at processTicksAndRejections (internal/process/task_queues.js:81:21)
